<?xml version="1.0" encoding="UTF-8"?>
<!-- Generated by org.testng.reporters.JUnitReportReporter -->
<testsuite skipped="0" hostname="SUNILJAKHAR" name="MavenJavaGpID.SeleniumTest" tests="1" failures="0" timestamp="21 Mar 2019 19:17:35 GMT" time="0.002" errors="0">
  <testcase name="SeleniumUITest" time="0.002" classname="MavenJavaGpID.SeleniumTest"/>
</testsuite> <!-- MavenJavaGpID.SeleniumTest -->
